<?xml version="1.0" encoding="UTF-8"?>
<!-- Generated by org.testng.reporters.JUnitReportReporter -->
<testsuite hostname="DESKTOP-3EJ2OGV" failures="0" tests="1" name="testcases.addsvc" time="25.435" errors="0" timestamp="2021-01-25T23:19:44 IST" skipped="0">
  <testcase classname="testcases.addsvc" name="newsvc" time="25.435"/>
  <system-out/>
</testsuite> <!-- testcases.addsvc -->
