<?xml version="1.0" encoding="UTF-8"?>
<!-- Generated by org.testng.reporters.JUnitReportReporter -->
<testsuite hostname="DESKTOP-HHQQC3K" failures="0" tests="1" name="testcases.addpilot" time="21.451" errors="0" timestamp="2021-01-29T11:59:00 IST" skipped="0">
  <testcase classname="testcases.addpilot" name="newsvc" time="21.451"/>
  <system-out/>
</testsuite> <!-- testcases.addpilot -->
