<?xml version="1.0" encoding="UTF-8"?>
<!-- Generated by org.testng.reporters.JUnitReportReporter -->
<testsuite hostname="DESKTOP-3EJ2OGV" failures="0" tests="1" name="testcases.logintc" time="19.304" errors="0" timestamp="2021-01-25T22:13:30 IST" skipped="0">
  <testcase classname="testcases.logintc" name="log" time="19.304"/>
  <system-out/>
</testsuite> <!-- testcases.logintc -->
