<?xml version="1.0" encoding="UTF-8"?>
<!-- Generated by org.testng.reporters.JUnitReportReporter -->
<testsuite hostname="DESKTOP-3EJ2OGV" failures="0" tests="1" name="testcases.logintc" time="2.088" errors="0" timestamp="25 Jan 2021 03:52:54 GMT" skipped="0">
  <testcase classname="testcases.logintc" name="log" time="2.088"/>
</testsuite> <!-- testcases.logintc -->
