<?xml version="1.0" encoding="UTF-8"?>
<!-- Generated by org.testng.reporters.JUnitReportReporter -->
<testsuite hostname="DESKTOP-HHQQC3K" failures="0" tests="1" name="testcases.addpilot" time="23.375" errors="0" timestamp="2021-01-27T17:11:26 IST" skipped="0">
  <testcase classname="testcases.addpilot" name="newsvc" time="23.375"/>
  <system-out/>
</testsuite> <!-- testcases.addpilot -->
