<?xml version="1.0" encoding="UTF-8"?>
<!-- Generated by org.testng.reporters.JUnitReportReporter -->
<testsuite hostname="DESKTOP-HHQQC3K" failures="0" tests="1" name="testcases.svctestcase" time="22.743" errors="0" timestamp="2021-01-27T15:54:24 IST" skipped="0">
  <testcase classname="testcases.svctestcase" name="svcmethod" time="22.743"/>
  <system-out/>
</testsuite> <!-- testcases.svctestcase -->
